# JRE version: OpenJDK Runtime Environment Temurin-21.0.6+7 (21.0.6+7) (build 21.0.6+7-LTS)
# Java VM: OpenJDK 64-Bit Server VM Temurin-21.0.6+7 (21.0.6+7-LTS, mixed mode, emulated-client, sharing, tiered, compressed oops, compressed class ptrs, g1 gc, windows-amd64)
GC Precious Log:
 CardTable entry size: 512
 Card Set container configuration: InlinePtr #cards 5 size 8 Array Of Cards #cards 12 size 40 Howl #buckets 4 coarsen threshold 1843 Howl Bitmap #cards 512 size 80 coarsen threshold 460 Card regions per heap region 1 cards per card region 2048
 CPUs: 4 total, 4 available
 Memory: 7834M
 Large Page Support: Disabled
 NUMA Support: Disabled
 Compressed Oops: Enabled (32-bit)
 Heap Region Size: 1M
 Heap Min Capacity: 8M
 Heap Initial Capacity: 124M
 Heap Max Capacity: 1G
 Pre-touch: Disabled
 Parallel Workers: 4
 Concurrent Workers: 1
 Concurrent Refinement Workers: 4
 Periodic GC: Disabled
Heap:
 garbage-first heap   total 88064K, used 35689K [0x00000000c0000000, 0x0000000100000000)
  region size 1024K, 5 young (5120K), 0 survivors (0K)
 Metaspace       used 56755K, committed 57408K, reserved 1114112K
  class space    used 7111K, committed 7424K, reserved 1048576K
GC Heap History (20 events):
Event: 798.749 GC heap after
{Heap after GC invocations=70 (full 53):
 garbage-first heap   total 88064K, used 31593K [0x00000000c0000000, 0x0000000100000000)
  region size 1024K, 0 young (0K), 0 survivors (0K)
 Metaspace       used 56749K, committed 57408K, reserved 1114112K
  class space    used 7110K, committed 7424K, reserved 1048576K
}
Event: 808.867 GC heap before
{Heap before GC invocations=70 (full 53):
 garbage-first heap   total 88064K, used 31593K [0x00000000c0000000, 0x0000000100000000)
  region size 1024K, 1 young (1024K), 0 survivors (0K)
 Metaspace       used 56749K, committed 57408K, reserved 1114112K
  class space    used 7110K, committed 7424K, reserved 1048576K
}
Event: 808.893 GC heap after
{Heap after GC invocations=71 (full 54):
 garbage-first heap   total 88064K, used 31593K [0x00000000c0000000, 0x0000000100000000)
  region size 1024K, 0 young (0K), 0 survivors (0K)
 Metaspace       used 56749K, committed 57408K, reserved 1114112K
  class space    used 7110K, committed 7424K, reserved 1048576K
}
Event: 819.014 GC heap before
{Heap before GC invocations=71 (full 54):
 garbage-first heap   total 88064K, used 31593K [0x00000000c0000000, 0x0000000100000000)
  region size 1024K, 1 young (1024K), 0 survivors (0K)
 Metaspace       used 56749K, committed 57408K, reserved 1114112K
  class space    used 7110K, committed 7424K, reserved 1048576K
}
Event: 819.041 GC heap after
{Heap after GC invocations=72 (full 55):
 garbage-first heap   total 88064K, used 31593K [0x00000000c0000000, 0x0000000100000000)
  region size 1024K, 0 young (0K), 0 survivors (0K)
 Metaspace       used 56749K, committed 57408K, reserved 1114112K
  class space    used 7110K, committed 7424K, reserved 1048576K
}
Event: 829.164 GC heap before
{Heap before GC invocations=72 (full 55):
 garbage-first heap   total 88064K, used 31593K [0x00000000c0000000, 0x0000000100000000)
  region size 1024K, 1 young (1024K), 0 survivors (0K)
 Metaspace       used 56749K, committed 57408K, reserved 1114112K
  class space    used 7110K, committed 7424K, reserved 1048576K
}
Event: 829.192 GC heap after
{Heap after GC invocations=73 (full 56):
 garbage-first heap   total 88064K, used 31593K [0x00000000c0000000, 0x0000000100000000)
  region size 1024K, 0 young (0K), 0 survivors (0K)
 Metaspace       used 56749K, committed 57408K, reserved 1114112K
  class space    used 7110K, committed 7424K, reserved 1048576K
}
Event: 839.325 GC heap before
{Heap before GC invocations=73 (full 56):
 garbage-first heap   total 88064K, used 31593K [0x00000000c0000000, 0x0000000100000000)
  region size 1024K, 1 young (1024K), 0 survivors (0K)
 Metaspace       used 56749K, committed 57408K, reserved 1114112K
  class space    used 7110K, committed 7424K, reserved 1048576K
}
Event: 839.355 GC heap after
{Heap after GC invocations=74 (full 57):
 garbage-first heap   total 88064K, used 31593K [0x00000000c0000000, 0x0000000100000000)
  region size 1024K, 0 young (0K), 0 survivors (0K)
 Metaspace       used 56749K, committed 57408K, reserved 1114112K
  class space    used 7110K, committed 7424K, reserved 1048576K
}
Event: 849.564 GC heap before
{Heap before GC invocations=74 (full 57):
 garbage-first heap   total 88064K, used 31593K [0x00000000c0000000, 0x0000000100000000)
  region size 1024K, 1 young (1024K), 0 survivors (0K)
 Metaspace       used 56749K, committed 57408K, reserved 1114112K
  class space    used 7110K, committed 7424K, reserved 1048576K
}
Event: 849.598 GC heap after
{Heap after GC invocations=75 (full 58):
 garbage-first heap   total 88064K, used 31593K [0x00000000c0000000, 0x0000000100000000)
  region size 1024K, 0 young (0K), 0 survivors (0K)
 Metaspace       used 56749K, committed 57408K, reserved 1114112K
  class space    used 7110K, committed 7424K, reserved 1048576K
}
Event: 859.796 GC heap before
{Heap before GC invocations=75 (full 58):
 garbage-first heap   total 88064K, used 31593K [0x00000000c0000000, 0x0000000100000000)
  region size 1024K, 1 young (1024K), 0 survivors (0K)
 Metaspace       used 56749K, committed 57408K, reserved 1114112K
  class space    used 7110K, committed 7424K, reserved 1048576K
}
Event: 859.828 GC heap after
{Heap after GC invocations=76 (full 59):
 garbage-first heap   total 88064K, used 31593K [0x00000000c0000000, 0x0000000100000000)
  region size 1024K, 0 young (0K), 0 survivors (0K)
 Metaspace       used 56749K, committed 57408K, reserved 1114112K
  class space    used 7110K, committed 7424K, reserved 1048576K
}
Event: 869.949 GC heap before
{Heap before GC invocations=76 (full 59):
 garbage-first heap   total 88064K, used 31593K [0x00000000c0000000, 0x0000000100000000)
  region size 1024K, 1 young (1024K), 0 survivors (0K)
 Metaspace       used 56749K, committed 57408K, reserved 1114112K
  class space    used 7110K, committed 7424K, reserved 1048576K
}
Event: 869.974 GC heap after
{Heap after GC invocations=77 (full 60):
 garbage-first heap   total 88064K, used 31593K [0x00000000c0000000, 0x0000000100000000)
  region size 1024K, 0 young (0K), 0 survivors (0K)
 Metaspace       used 56749K, committed 57408K, reserved 1114112K
  class space    used 7110K, committed 7424K, reserved 1048576K
}
Event: 880.096 GC heap before
{Heap before GC invocations=77 (full 60):
 garbage-first heap   total 88064K, used 31593K [0x00000000c0000000, 0x0000000100000000)
  region size 1024K, 1 young (1024K), 0 survivors (0K)
 Metaspace       used 56749K, committed 57408K, reserved 1114112K
  class space    used 7110K, committed 7424K, reserved 1048576K
}
Event: 880.122 GC heap after
{Heap after GC invocations=78 (full 61):
 garbage-first heap   total 88064K, used 31593K [0x00000000c0000000, 0x0000000100000000)
  region size 1024K, 0 young (0K), 0 survivors (0K)
 Metaspace       used 56749K, committed 57408K, reserved 1114112K
  class space    used 7110K, committed 7424K, reserved 1048576K
}
Event: 890.322 GC heap before
{Heap before GC invocations=78 (full 61):
 garbage-first heap   total 88064K, used 31593K [0x00000000c0000000, 0x0000000100000000)
  region size 1024K, 1 young (1024K), 0 survivors (0K)
 Metaspace       used 56749K, committed 57408K, reserved 1114112K
  class space    used 7110K, committed 7424K, reserved 1048576K
}
Event: 890.364 GC heap after
{Heap after GC invocations=79 (full 62):
 garbage-first heap   total 88064K, used 31593K [0x00000000c0000000, 0x0000000100000000)
  region size 1024K, 0 young (0K), 0 survivors (0K)
 Metaspace       used 56749K, committed 57408K, reserved 1114112K
  class space    used 7110K, committed 7424K, reserved 1048576K
}
Event: 1040.905 GC heap before
{Heap before GC invocations=79 (full 62):
 garbage-first heap   total 88064K, used 35689K [0x00000000c0000000, 0x0000000100000000)
  region size 1024K, 5 young (5120K), 0 survivors (0K)
 Metaspace       used 56755K, committed 57408K, reserved 1114112K
  class space    used 7111K, committed 7424K, reserved 1048576K
}

